<?xml version="1.0" encoding="UTF-8"?>
<testsuite name="javaTest" tests="1" skipped="0" failures="0" errors="0" timestamp="2020-04-21T21:29:25" hostname="user-Vostro-3583" time="0.004">
  <properties/>
  <testcase name="givenMoodAnalyserClass_WhenProper_ShouldReturnObject" classname="javaTest" time="0.004"/>
  <system-out><![CDATA[ length 14
else part happy
]]></system-out>
  <system-err><![CDATA[]]></system-err>
</testsuite>
